<?xml version="1.0" encoding="UTF-8"?>
<!-- Generated by org.testng.reporters.JUnitReportReporter -->
<testsuite hostname="Gill" failures="0" tests="1" name="suiteCRM_TestPackage.logintest" time="25.167" errors="0" timestamp="2022-08-08T18:43:16 EDT" skipped="0">
  <testcase classname="suiteCRM_TestPackage.logintest" name="testLoginForGordon" time="25.167"/>
  <system-out/>
</testsuite> <!-- suiteCRM_TestPackage.logintest -->
