<?xml version="1.0" encoding="UTF-8"?>
<!-- Generated by org.testng.reporters.JUnitReportReporter -->
<testsuite hostname="Gill" failures="0" tests="1" name="suiteCRM_TestPackage.deleteAnAccount" time="26.705" errors="0" timestamp="2022-08-08T15:37:01 EDT" skipped="0">
  <testcase classname="suiteCRM_TestPackage.deleteAnAccount" name="testLoginForJohn" time="26.705"/>
  <system-out/>
</testsuite> <!-- suiteCRM_TestPackage.deleteAnAccount -->
